<?xml version="1.0" encoding="UTF-8"?>
<!-- Generated by org.testng.reporters.JUnitReportReporter -->
<testsuite hostname="LAPTOP-5KMFOFH9" failures="0" tests="3" name="com.SwagLabs.TestCases.CartPageTest" time="6.572" errors="0" timestamp="2023-12-26T21:31:27 IST" skipped="0">
  <testcase classname="com.SwagLabs.TestCases.CartPageTest" name="verifyRemove" time="2.069"/>
  <system-out/>
  <testcase classname="com.SwagLabs.TestCases.CartPageTest" name="verifyContinueShopping" time="4.361"/>
  <system-out/>
  <testcase classname="com.SwagLabs.TestCases.CartPageTest" name="verifyCheckout" time="0.142"/>
  <system-out/>
</testsuite> <!-- com.SwagLabs.TestCases.CartPageTest -->
