<?xml version="1.0" encoding="UTF-8"?>
<!-- Generated by org.testng.reporters.JUnitReportReporter -->
<testsuite hostname="LAPTOP-5KMFOFH9" failures="0" tests="2" name="com.SwagLabs.TestCases.CheckOutPageTest" time="2.653" errors="0" timestamp="2023-12-26T21:48:52 IST" skipped="0">
  <testcase classname="com.SwagLabs.TestCases.CheckOutPageTest" name="verifyCancel" time="2.205"/>
  <system-out/>
  <testcase classname="com.SwagLabs.TestCases.CheckOutPageTest" name="verifyCheckout" time="0.448"/>
  <system-out/>
</testsuite> <!-- com.SwagLabs.TestCases.CheckOutPageTest -->
